<?xml version="1.0" encoding="ISO-8859-1"?><n:alricgXML xmlns:n="http://alricg.die3sphaere.de/" xmlns:xsi="http://www.w3.org/2001/XMLSchema-instance" xsi:schemaLocation="http://alricg.die3sphaere.de/..\schema\basis-schema.xsd">	<preamble name="String" language="String" version="String">		<kommentar>String</kommentar>		<autor>String</autor>		<beschreibung>String</beschreibung>	</preamble>	<rassen>		<rasse name="String" id="test 1">			<beschreibung>String</beschreibung>			<anzeigen anzeigen="false">				String			</anzeigen>			<sonderRegel id="SR-Lalalala">				Text zu der SR			</sonderRegel>			<regelAnmerkungen>				<regel modus="regel">String</regel>			</regelAnmerkungen>			<sammelbegriff>String</sammelbegriff>			<gp>1</gp>			<varianteVon>RAS-String</varianteVon>			<kannGewaehltWerden>true</kannGewaehltWerden>			<geschlecht>M</geschlecht>			<eigenschaftModi>				<fest text="String" wert="0" leitwert="true" linkId="VOR-String" id="EIG-String"/>				<auswahl werte="2" anzahl="2" modus="LISTE">					<option text="String" wert="0" leitwert="1" linkId="NAC-String" id="TAL-String"/>				</auswahl>			</eigenschaftModi>			<soGrenzen soMin="1" soMax="1"/>			<vorteile>				<fest text="String" wert="0" leitwert="true" linkId="VOR-String" id="EIG-String"/>				<auswahl werte="3" anzahl="2" modus="LISTE">					<option text="String" wert="0" leitwert="false" linkId="NAC-String" id="TAL-String"/>				</auswahl>			</vorteile>			<nachteile>				<fest text="String" wert="0" leitwert="false" linkId="EIG-String" id="VOR-String"/>				<auswahl werte="4" anzahl="2" modus="LISTE">					<option text="String" wert="0" leitwert="false" linkId="SF-String" id="LIT-String"/>				</auswahl>			</nachteile>			<sonderf>				<fest text="String" wert="0" leitwert="false" linkId="SF-String" id="LIT-String"/>				<auswahl werte="5" anzahl="2" modus="LISTE">					<option text="String" wert="0" leitwert="false" linkId="SF-String" id="LIT-String"/>				</auswahl>			</sonderf>			<liturgien>				<fest text="String" wert="0" leitwert="false" linkId="SF-String" id="LIT-String"/>				<auswahl werte="6" anzahl="2" modus="LISTE">					<option text="String" wert="0" leitwert="false" linkId="SF-String" id="LIT-String"/>				</auswahl>			</liturgien>			<goetterRituale>				<fest text="String" wert="0" leitwert="false" linkId="SF-String" id="LIT-String"/>				<auswahl werte="7" anzahl="2" modus="LISTE">					<option text="String" wert="0" leitwert="false" linkId="SF-String" id="LIT-String"/>				</auswahl>			</goetterRituale>			<empfVorteile ids="SF-String SF-String">				<linkId text="String" wert="0" leitwert="false" linkId="SF-String" id="LIT-String"/>			</empfVorteile>			<empfNachteile ids="LIT-String EIG-String">				<linkId text="String" wert="0" leitwert="false" linkId="SF-String" id="LIT-String"/>			</empfNachteile>			<ungeVorteile ids="LIT-String EIG-String">				<linkId text="String" wert="0" leitwert="false" linkId="SF-String" id="LIT-String"/>			</ungeVorteile>			<ungeNachteile ids="LIT-String EIG-String">				<linkId text="String" wert="0" leitwert="false" linkId="SF-String" id="LIT-String"/>			</ungeNachteile>			<verbilligteSonderf ids="LIT-String EIG-String">				<linkId text="String" wert="0" leitwert="false" linkId="SF-String" id="LIT-String"/>			</verbilligteSonderf>			<verbilligteLiturgien ids="LIT-String EIG-String">				<linkId text="String" wert="0" leitwert="false" linkId="SF-String" id="LIT-String"/>			</verbilligteLiturgien>			<verbilligteRituale ids="LIT-String EIG-String">				<linkId text="String" wert="0" leitwert="false" linkId="SF-String" id="LIT-String"/>			</verbilligteRituale>			<talente>				<fest text="String" wert="0" leitwert="false" linkId="SF-String" id="LIT-String"/>				<auswahl werte="5" anzahl="2" modus="LISTE">					<option text="String" wert="0" leitwert="false" linkId="SF-String" id="LIT-String"/>				</auswahl>			</talente>			<hauszauber>				<fest text="String" wert="0" leitwert="false" linkId="SF-String" id="LIT-String"/>				<auswahl werte="7" anzahl="2" modus="LISTE">					<option text="String" wert="0" leitwert="false" linkId="SF-String" id="LIT-String"/>				</auswahl>			</hauszauber>			<zauber>				<fest text="String" wert="0" leitwert="false" linkId="SF-String" id="LIT-String"/>				<auswahl werte="8" anzahl="2" modus="LISTE">					<option text="String" wert="0" leitwert="false" linkId="SF-String" id="LIT-String"/>				</auswahl>			</zauber>			<aktivierbareZauber>				<fest text="String" wert="0" leitwert="false" linkId="SF-String" id="LIT-String"/>				<auswahl werte="8" anzahl="2" modus="LISTE">					<option text="String" wert="0" leitwert="false" linkId="SF-String" id="LIT-String"/>				</auswahl>			</aktivierbareZauber>			<zauberNichtZuBegin ids="LIT-String EIG-String">				<linkId text="String" wert="0" leitwert="false" linkId="SF-String" id="LIT-String"/>			</zauberNichtZuBegin>			<kulturUeblich ids="LIT-String EIG-String">				<linkId text="String" wert="0" leitwert="false" linkId="SF-String" id="LIT-String"/>			</kulturUeblich>			<kulturMoeglich ids="LIT-String EIG-String">				<linkId text="String" wert="0" leitwert="false" linkId="SF-String" id="LIT-String"/>			</kulturMoeglich>			<geschwindigkeit>2</geschwindigkeit>			<alter wert="2">				<wuerfel anzWuerfel="2" augenWuerfel="2"/>			</alter>			<groesse wert="2">				<wuerfel anzWuerfel="2" augenWuerfel="2"/>			</groesse>			<gewichtModi wert="-2"/>			<haarfarbe>				<farbe farbe="String" anteil="2"/>			</haarfarbe>			<augenfarbe>				<farbe farbe="String" anteil="2"/>			</augenfarbe>		</rasse>	</rassen></n:alricgXML>