<?xml version="1.0" encoding="ISO-8859-1"?><n:alricgXML xmlns:n="http://alricg.die3sphaere.de/" xmlns:xsi="http://www.w3.org/2001/XMLSchema-instance" xsi:schemaLocation="http://alricg.die3sphaere.de/..\schema\basis-schema.xsd">	<preamble name="String" language="String" version="String">		<kommentar>String</kommentar>		<autor>String</autor>		<benoetigtDateien>			<datei ordner="d3s">test-alricgSchema-1.xml</datei>		</benoetigtDateien>		<beschreibung>String</beschreibung>	</preamble>	<rassen>		<rasse name="String" id="test 3">			<beschreibung>String</beschreibung>			<anzeigen anzeigen="false">				String			</anzeigen>			<sonderRegel id="SR-test">				Text zu der SR			</sonderRegel>			<regelAnmerkungen>				<regel modus="regel">String</regel>			</regelAnmerkungen>			<gp>1</gp>			<varianteVon>String</varianteVon>			<kannGewaehltWerden>true</kannGewaehltWerden>			<geschlecht>MW</geschlecht>			<eigenschaftModi>				<fest id="EIG-MU" wert="0" maximum="1"/>				<auswahl werte="NMTOKENS" anzahl="2" modus="LISTE">					<eigenschaft>MU</eigenschaft>				</auswahl>			</eigenschaftModi>			<erweiterteEigenschaftModi lepModi="0" aupModi="0" aspModi="0" kaModi="0" mrModi="0" soModi="0"/>			<soGrenzen soMin="1" soMax="1"/>			<vorteile>				<fest text="String" wert="0" leitwert="1" linkId="GAB-String" id="ZAU-String"/>				<auswahl werte="NMTOKENS" anzahl="2" modus="LISTE">					<option text="String" wert="0" leitwert="1" linkId="GAB-String" id="ZAU-String"/>				</auswahl>			</vorteile>			<nachteile>				<fest text="String" wert="0" leitwert="1" linkId="GAB-String" id="ZAU-String"/>				<auswahl werte="NMTOKENS" anzahl="2" modus="LISTE">					<option text="String" wert="0" leitwert="1" linkId="GAB-String" id="ZAU-String"/>				</auswahl>			</nachteile>			<sonderf>				<fest text="String" wert="0" leitwert="1" linkId="GAB-String" id="ZAU-String"/>				<auswahl werte="NMTOKENS" anzahl="2" modus="LISTE">					<option text="String" wert="0" leitwert="1" linkId="GAB-String" id="ZAU-String"/>				</auswahl>			</sonderf>			<liturgien>				<fest text="String" wert="0" leitwert="1" linkId="GAB-String" id="ZAU-String"/>				<auswahl werte="NMTOKENS" anzahl="2" modus="LISTE">					<option text="String" wert="0" leitwert="1" linkId="GAB-String" id="ZAU-String"/>				</auswahl>			</liturgien>			<goetterRituale>				<fest text="String" wert="0" leitwert="1" linkId="GAB-String" id="ZAU-String"/>				<auswahl werte="NMTOKENS" anzahl="2" modus="LISTE">					<option text="String" wert="0" leitwert="1" linkId="GAB-String" id="ZAU-String"/>				</auswahl>			</goetterRituale>			<empfVorteile ids="NMTOKENS">				<linkId text="String" wert="0" leitwert="1" linkId="GAB-String" id="ZAU-String"/>			</empfVorteile>			<empfNachteile ids="NMTOKENS">				<linkId text="String" wert="0" leitwert="1" linkId="GAB-String" id="ZAU-String"/>			</empfNachteile>			<ungeVorteile ids="NMTOKENS">				<linkId text="String" wert="0" leitwert="1" linkId="GAB-String" id="ZAU-String"/>			</ungeVorteile>			<ungeNachteile ids="NMTOKENS">				<linkId text="String" wert="0" leitwert="1" linkId="GAB-String" id="ZAU-String"/>			</ungeNachteile>			<verbilligteSonderf ids="NMTOKENS">				<linkId text="String" wert="0" leitwert="1" linkId="GAB-String" id="ZAU-String"/>			</verbilligteSonderf>			<verbilligteLiturgien ids="NMTOKENS">				<linkId text="String" wert="0" leitwert="1" linkId="GAB-String" id="ZAU-String"/>			</verbilligteLiturgien>			<verbilligteRituale ids="NMTOKENS">				<linkId text="String" wert="0" leitwert="1" linkId="GAB-String" id="ZAU-String"/>			</verbilligteRituale>			<talente>				<fest text="String" wert="0" leitwert="1" linkId="GAB-String" id="ZAU-String"/>				<auswahl werte="NMTOKENS" anzahl="2" modus="LISTE">					<option text="String" wert="0" leitwert="1" linkId="GAB-String" id="ZAU-String"/>				</auswahl>			</talente>			<hauszauber>				<fest text="String" wert="0" leitwert="1" linkId="GAB-String" id="ZAU-String"/>				<auswahl werte="NMTOKENS" anzahl="2" modus="LISTE">					<option text="String" wert="0" leitwert="1" linkId="GAB-String" id="ZAU-String"/>				</auswahl>			</hauszauber>			<zauber>				<fest text="String" wert="0" leitwert="1" linkId="GAB-String" id="ZAU-String"/>				<auswahl werte="NMTOKENS" anzahl="2" modus="LISTE">					<option text="String" wert="0" leitwert="1" linkId="GAB-String" id="ZAU-String"/>				</auswahl>			</zauber>			<aktivierbareZauber ids="NMTOKENS">				<linkId text="String" wert="0" leitwert="1" linkId="GAB-String" id="ZAU-String"/>			</aktivierbareZauber>			<zauberNichtZuBegin ids="NMTOKENS">				<linkId text="String" wert="0" leitwert="1" linkId="GAB-String" id="ZAU-String"/>			</zauberNichtZuBegin>			<kulturUeblich ids="NMTOKENS">				<linkId text="String" wert="0" leitwert="1" linkId="GAB-String" id="ZAU-String"/>			</kulturUeblich>			<kulturMoeglich ids="NMTOKENS">				<linkId text="String" wert="0" leitwert="1" linkId="GAB-String" id="ZAU-String"/>			</kulturMoeglich>			<geschwindigkeit>2</geschwindigkeit>			<alter wert="2">				<wuerfel anzWuerfel="2" augenWuerfel="2"/>			</alter>			<groesse wert="2">				<wuerfel anzWuerfel="2" augenWuerfel="2"/>			</groesse>			<gewichtModi wert="-2"/>			<haarfarbe>				<farbe farbe="String" anteil="2"/>			</haarfarbe>			<augenfarbe>				<farbe farbe="String" anteil="2"/>			</augenfarbe>		</rasse>	</rassen></n:alricgXML>